
2025/02/11 (03:49:40) | ===> btop++ v.1.4.0
2025/02/11 (03:49:40) | ERROR: No UTF-8 locale detected!
Use --utf-force argument to force start if you're sure your terminal can handle it.

2025/02/11 (03:50:50) | ===> btop++ v.1.4.0
2025/02/11 (03:50:50) | WARNING: NVML: Failed to get maximum GPU power draw, defaulting to 225W: Not Supported

2025/02/11 (05:21:59) | ===> btop++ v.1.4.0
2025/02/11 (05:21:59) | ERROR: No UTF-8 locale detected!
Use --utf-force argument to force start if you're sure your terminal can handle it.

2025/02/11 (05:22:23) | ===> btop++ v.1.4.0
2025/02/11 (05:22:23) | WARNING: No UTF-8 locale detected! Forcing start with --utf-force argument.
2025/02/11 (05:22:24) | WARNING: NVML: Failed to get maximum GPU power draw, defaulting to 225W: Not Supported
2025/02/11 (05:22:57) | WARNING: Failed to join _runner thread on exit!

2025/02/11 (07:03:13) | ===> btop++ v.1.4.0
2025/02/11 (07:03:13) | WARNING: NVML: Failed to get maximum GPU power draw, defaulting to 225W: Not Supported

2025/03/06 (03:23:06) | ===> btop++ v.1.4.0
2025/03/06 (03:23:06) | WARNING: NVML: Failed to get maximum GPU power draw, defaulting to 225W: Not Supported

2025/03/06 (03:23:06) | ===> btop++ v.1.4.0
2025/03/06 (03:23:06) | WARNING: NVML: Failed to get maximum GPU power draw, defaulting to 225W: Not Supported

2025/03/06 (03:23:37) | ===> btop++ v.1.4.0
2025/03/06 (03:23:37) | WARNING: NVML: Failed to get maximum GPU power draw, defaulting to 225W: Not Supported

2025/03/06 (03:23:37) | ===> btop++ v.1.4.0
2025/03/06 (03:23:37) | WARNING: NVML: Failed to get maximum GPU power draw, defaulting to 225W: Not Supported

2025/03/06 (03:29:36) | ===> btop++ v.1.4.0
2025/03/06 (03:29:36) | WARNING: NVML: Failed to get maximum GPU power draw, defaulting to 225W: Not Supported

2025/03/06 (03:29:36) | ===> btop++ v.1.4.0
2025/03/06 (03:29:36) | WARNING: NVML: Failed to get maximum GPU power draw, defaulting to 225W: Not Supported

2025/03/06 (03:54:35) | ===> btop++ v.1.4.0
2025/03/06 (03:54:35) | WARNING: NVML: Failed to get maximum GPU power draw, defaulting to 225W: Not Supported

2025/03/06 (03:58:36) | ===> btop++ v.1.4.0
2025/03/06 (03:58:36) | WARNING: NVML: Failed to get maximum GPU power draw, defaulting to 225W: Not Supported

2025/03/06 (06:51:13) | ===> btop++ v.1.4.0
2025/03/06 (06:51:13) | WARNING: NVML: Failed to get maximum GPU power draw, defaulting to 225W: Not Supported

2025/03/16 (22:59:19) | ===> btop++ v.1.4.0
2025/03/16 (22:59:19) | WARNING: NVML: Failed to get maximum GPU power draw, defaulting to 225W: Not Supported
2025/03/16 (23:33:10) | WARNING: Failed to join _runner thread on exit!

2025/03/24 (23:54:35) | ===> btop++ v.1.4.0
2025/03/24 (23:54:35) | WARNING: NVML: Failed to get maximum GPU power draw, defaulting to 225W: Not Supported
2025/03/24 (23:54:38) | WARNING: Failed to join _runner thread on exit!

2025/03/24 (23:55:10) | ===> btop++ v.1.4.0
2025/03/24 (23:55:10) | WARNING: NVML: Failed to get maximum GPU power draw, defaulting to 225W: Not Supported
2025/03/24 (23:57:25) | WARNING: Failed to join _runner thread on exit!

2025/03/24 (23:57:28) | ===> btop++ v.1.4.0
2025/03/24 (23:57:28) | WARNING: NVML: Failed to get maximum GPU power draw, defaulting to 225W: Not Supported
2025/03/24 (23:57:36) | WARNING: Failed to join _runner thread on exit!

2025/03/24 (23:57:38) | ===> btop++ v.1.4.0
2025/03/24 (23:57:38) | WARNING: NVML: Failed to get maximum GPU power draw, defaulting to 225W: Not Supported
2025/03/24 (23:57:42) | WARNING: Failed to join _runner thread on exit!

2025/03/24 (23:57:59) | ===> btop++ v.1.4.0
2025/03/24 (23:57:59) | WARNING: NVML: Failed to get maximum GPU power draw, defaulting to 225W: Not Supported
2025/03/24 (23:58:06) | WARNING: Failed to join _runner thread on exit!

2025/03/24 (23:58:31) | ===> btop++ v.1.4.0
2025/03/24 (23:58:31) | WARNING: NVML: Failed to get maximum GPU power draw, defaulting to 225W: Not Supported
2025/03/24 (23:59:56) | WARNING: Failed to join _runner thread on exit!

2025/03/25 (01:49:14) | ===> btop++ v.1.4.0
2025/03/25 (01:49:14) | WARNING: NVML: Failed to get maximum GPU power draw, defaulting to 225W: Not Supported

2025/03/27 (10:42:47) | ===> btop++ v.1.4.0
2025/03/27 (10:42:47) | WARNING: NVML: Failed to get maximum GPU power draw, defaulting to 225W: Not Supported
2025/03/27 (10:44:02) | WARNING: Failed to join _runner thread on exit!

2025/04/16 (19:38:21) | ===> btop++ v.1.4.0
2025/04/16 (19:38:21) | WARNING: NVML: Failed to get maximum GPU power draw, defaulting to 225W: Not Supported

2025/04/18 (23:00:24) | ===> btop++ v.1.4.0
2025/04/18 (23:00:24) | WARNING: NVML: Failed to get maximum GPU power draw, defaulting to 225W: Not Supported
2025/04/18 (23:01:23) | WARNING: Failed to join _runner thread on exit!

2025/04/19 (15:25:02) | ===> btop++ v.1.4.0
2025/04/19 (15:25:02) | WARNING: NVML: Failed to get maximum GPU power draw, defaulting to 225W: Not Supported
2025/04/19 (15:32:45) | WARNING: Failed to join _runner thread on exit!

2025/04/24 (03:07:18) | ===> btop++ v.1.4.0
2025/04/24 (03:07:18) | WARNING: NVML: Failed to get maximum GPU power draw, defaulting to 225W: Not Supported
2025/04/24 (03:21:35) | WARNING: Failed to join _runner thread on exit!

2025/04/24 (14:40:40) | ===> btop++ v.1.4.0
2025/04/24 (14:40:40) | WARNING: NVML: Failed to get maximum GPU power draw, defaulting to 225W: Not Supported
2025/04/24 (14:48:21) | WARNING: Failed to join _runner thread on exit!

2025/04/26 (03:14:35) | ===> btop++ v.1.4.0
2025/04/26 (03:14:35) | WARNING: NVML: Failed to get maximum GPU power draw, defaulting to 225W: Not Supported
2025/04/26 (03:16:03) | WARNING: Failed to join _runner thread on exit!
